2017-07-23 10:42:34  [ main:0 ] - [ INFO ]  load data from question.xml
2017-07-23 10:42:35  [ main:449 ] - [ INFO ]  load data from filepath: src\main\resources\frequently_asked_questions\佛咒简介.xml
2017-07-23 10:42:36  [ main:1329 ] - [ DEBUG ]  to create tokenizer {type=DIC}
2017-07-23 10:43:23  [ main:49158 ] - [ WARN ]  not find library.properties in classpath use it by default !
2017-07-23 10:43:23  [ main:49193 ] - [ INFO ]  path to stream library/ambiguity.dic
2017-07-23 10:43:23  [ main:49194 ] - [ ERROR ]  Init ambiguity library error :org.ansj.exception.LibraryException:  path :library/ambiguity.dic file:E:\buddhism\BuddhismQuestionAnsweringSystem-master\BuddhismQuestionAnsweringSystem-master\library\ambiguity.dic not found or can not to read, path: library/ambiguity.dic
2017-07-23 10:43:23  [ main:49200 ] - [ DEBUG ]  begin init dic !
2017-07-23 10:43:23  [ main:49200 ] - [ INFO ]  path to stream library/default.dic
2017-07-23 10:43:23  [ main:49201 ] - [ ERROR ]  Init ambiguity library error :org.ansj.exception.LibraryException:  path :library/default.dic file:E:\buddhism\BuddhismQuestionAnsweringSystem-master\BuddhismQuestionAnsweringSystem-master\library\default.dic not found or can not to read, path: library/default.dic
2017-07-23 10:43:24  [ main:50018 ] - [ INFO ]  init core library ok use time : 682
2017-07-23 10:43:25  [ main:50575 ] - [ INFO ]  init ngram ok use time :535
2017-07-23 10:43:26  [ main:51722 ] - [ INFO ]  load data from filepath: src\main\resources\frequently_asked_questions\佛教名词.xml
2017-07-23 10:43:26  [ main:51728 ] - [ DEBUG ]  to create tokenizer {type=DIC}
2017-07-23 10:43:26  [ main:51941 ] - [ INFO ]  load data from filepath: src\main\resources\frequently_asked_questions\佛教因果定律.xml
2017-07-23 10:43:26  [ main:51945 ] - [ DEBUG ]  to create tokenizer {type=DIC}
2017-07-23 10:43:26  [ main:52033 ] - [ INFO ]  load data from filepath: src\main\resources\frequently_asked_questions\佛教基础教义.xml
2017-07-23 10:43:26  [ main:52036 ] - [ DEBUG ]  to create tokenizer {type=DIC}
2017-07-23 10:43:26  [ main:52077 ] - [ INFO ]  load data from filepath: src\main\resources\frequently_asked_questions\佛教基础知识.xml
2017-07-23 10:43:26  [ main:52081 ] - [ DEBUG ]  to create tokenizer {type=DIC}
2017-07-23 10:43:27  [ main:52263 ] - [ INFO ]  load data from filepath: src\main\resources\frequently_asked_questions\佛经简介.xml
2017-07-23 10:43:27  [ main:52273 ] - [ DEBUG ]  to create tokenizer {type=DIC}
2017-07-23 10:43:27  [ main:52517 ] - [ INFO ]  load data from filepath: src\main\resources\frequently_asked_questions\宗教简介.xml
2017-07-23 10:43:27  [ main:52519 ] - [ DEBUG ]  to create tokenizer {type=DIC}
2017-07-23 10:43:27  [ main:53236 ] - [ INFO ]  load data from filepath: src\main\resources\textbook\佛光教科书.xml
2017-07-23 10:43:28  [ main:53274 ] - [ DEBUG ]  to create tokenizer {type=DIC}
2017-07-23 10:43:29  [ main:54692 ] - [ INFO ]  load data from filepath: src\main\resources\textbook\佛学基础书籍.xml
2017-07-23 10:43:29  [ main:54738 ] - [ DEBUG ]  to create tokenizer {type=DIC}
2017-07-23 10:43:33  [ main:58548 ] - [ INFO ]  load data from filepath: src\main\resources\textbook\佛学教科书.xml
2017-07-23 10:43:33  [ main:58558 ] - [ DEBUG ]  to create tokenizer {type=DIC}
2017-07-23 10:43:34  [ main:59784 ] - [ INFO ]  load data from filepath: src\main\resources\textbook\佛学课本.xml
2017-07-23 10:43:34  [ main:59818 ] - [ DEBUG ]  to create tokenizer {type=DIC}
2017-07-23 10:43:36  [ main:62112 ] - [ INFO ]  load data from filepath: src\main\resources\textbook\基础课本选读.xml
2017-07-23 10:43:36  [ main:62130 ] - [ DEBUG ]  to create tokenizer {type=DIC}
2017-07-23 10:43:40  [ main:66126 ] - [ INFO ]  load data from filepath: src\main\resources\wiki\wiki.xml
2017-07-23 10:43:40  [ main:66237 ] - [ DEBUG ]  to create tokenizer {type=DIC}
2017-07-23 10:43:43  [ main:68978 ] - [ INFO ]  term list size：23
2017-07-23 10:43:43  [ main:68981 ] - [ INFO ]  descQuery term size23
2017-07-23 10:43:43  [ main:69158 ] - [ INFO ]  descQuery term size5
2017-07-23 10:43:43  [ main:69199 ] - [ INFO ]  descQuery term size7
2017-07-23 10:43:43  [ main:69256 ] - [ INFO ]  descQuery term size7
2017-07-23 10:43:44  [ main:69295 ] - [ INFO ]  descQuery term size6
2017-07-23 10:43:44  [ main:69324 ] - [ DEBUG ]  ***********************
2017-07-23 10:43:44  [ main:69324 ] - [ DEBUG ]  词频评分开始
2017-07-23 10:43:44  [ main:69670 ] - [ DEBUG ]  词频分析结束
2017-07-23 10:43:44  [ main:69670 ] - [ DEBUG ]  ***********************
2017-07-23 10:43:44  [ main:69671 ] - [ DEBUG ]  ***************
2017-07-23 10:43:44  [ main:69671 ] - [ DEBUG ]  文本对齐评分
2017-07-23 10:43:44  [ main:70240 ] - [ INFO ]  选项0: 0.0
2017-07-23 10:43:44  [ main:70241 ] - [ INFO ]  选项1: 0.0
2017-07-23 10:43:44  [ main:70241 ] - [ INFO ]  选项2: 0.0
2017-07-23 10:43:44  [ main:70241 ] - [ INFO ]  选项3: 0.0
2017-07-23 10:43:44  [ main:70242 ] - [ DEBUG ]  文本对齐评分结束
2017-07-23 10:43:44  [ main:70242 ] - [ DEBUG ]  ***********************
2017-07-23 10:43:44  [ main:70243 ] - [ INFO ]  negative test: false
2017-07-23 10:43:44  [ main:70244 ] - [ INFO ]  term list size：10
2017-07-23 10:43:44  [ main:70244 ] - [ INFO ]  descQuery term size10
2017-07-23 10:43:45  [ main:70283 ] - [ INFO ]  descQuery term size7
2017-07-23 10:43:45  [ main:70306 ] - [ INFO ]  descQuery term size5
2017-07-23 10:43:45  [ main:70329 ] - [ INFO ]  descQuery term size5
2017-07-23 10:43:45  [ main:70349 ] - [ INFO ]  descQuery term size7
2017-07-23 10:43:45  [ main:70376 ] - [ DEBUG ]  ***********************
2017-07-23 10:43:45  [ main:70376 ] - [ DEBUG ]  词频评分开始
2017-07-23 10:43:45  [ main:70749 ] - [ DEBUG ]  词频分析结束
2017-07-23 10:43:45  [ main:70749 ] - [ DEBUG ]  ***********************
2017-07-23 10:43:45  [ main:70749 ] - [ DEBUG ]  ***************
2017-07-23 10:43:45  [ main:70750 ] - [ DEBUG ]  文本对齐评分
2017-07-23 10:43:45  [ main:70870 ] - [ INFO ]  选项0: 0.0
2017-07-23 10:43:45  [ main:70871 ] - [ INFO ]  选项1: 0.0
2017-07-23 10:43:45  [ main:70871 ] - [ INFO ]  选项2: 0.0
2017-07-23 10:43:45  [ main:70871 ] - [ INFO ]  选项3: 0.0
2017-07-23 10:43:45  [ main:70872 ] - [ DEBUG ]  文本对齐评分结束
2017-07-23 10:43:45  [ main:70872 ] - [ DEBUG ]  ***********************
2017-07-23 10:43:45  [ main:70872 ] - [ INFO ]  negative test: false
2017-07-23 10:43:45  [ main:70873 ] - [ INFO ]  term list size：6
2017-07-23 10:43:45  [ main:70873 ] - [ INFO ]  descQuery term size6
2017-07-23 10:43:45  [ main:70900 ] - [ INFO ]  descQuery term size5
2017-07-23 10:43:45  [ main:70925 ] - [ INFO ]  descQuery term size4
2017-07-23 10:43:45  [ main:70947 ] - [ INFO ]  descQuery term size4
2017-07-23 10:43:45  [ main:71091 ] - [ INFO ]  descQuery term size5
2017-07-23 10:43:45  [ main:71130 ] - [ DEBUG ]  ***********************
2017-07-23 10:43:45  [ main:71131 ] - [ DEBUG ]  词频评分开始
2017-07-23 10:43:46  [ main:71426 ] - [ DEBUG ]  词频分析结束
2017-07-23 10:43:46  [ main:71426 ] - [ DEBUG ]  ***********************
2017-07-23 10:43:46  [ main:71426 ] - [ DEBUG ]  ***************
2017-07-23 10:43:46  [ main:71427 ] - [ DEBUG ]  文本对齐评分
2017-07-23 10:43:46  [ main:71552 ] - [ INFO ]  选项0: 0.0
2017-07-23 10:43:46  [ main:71552 ] - [ INFO ]  选项1: 0.0
2017-07-23 10:43:46  [ main:71552 ] - [ INFO ]  选项2: 0.0
2017-07-23 10:43:46  [ main:71553 ] - [ INFO ]  选项3: 0.0
2017-07-23 10:43:46  [ main:71553 ] - [ DEBUG ]  文本对齐评分结束
2017-07-23 10:43:46  [ main:71553 ] - [ DEBUG ]  ***********************
2017-07-23 10:43:46  [ main:71553 ] - [ INFO ]  negative test: false
2017-07-23 10:43:46  [ main:71555 ] - [ INFO ]  term list size：9
2017-07-23 10:43:46  [ main:71557 ] - [ INFO ]  descQuery term size9
2017-07-23 10:43:46  [ main:71581 ] - [ INFO ]  descQuery term size4
2017-07-23 10:43:46  [ main:71596 ] - [ INFO ]  descQuery term size4
2017-07-23 10:43:46  [ main:71615 ] - [ INFO ]  descQuery term size4
2017-07-23 10:43:46  [ main:71635 ] - [ INFO ]  descQuery term size4
2017-07-23 10:43:46  [ main:71650 ] - [ DEBUG ]  ***********************
2017-07-23 10:43:46  [ main:71650 ] - [ DEBUG ]  词频评分开始
2017-07-23 10:43:46  [ main:71955 ] - [ DEBUG ]  词频分析结束
2017-07-23 10:43:46  [ main:71955 ] - [ DEBUG ]  ***********************
2017-07-23 10:43:46  [ main:71955 ] - [ DEBUG ]  ***************
2017-07-23 10:43:46  [ main:71956 ] - [ DEBUG ]  文本对齐评分
2017-07-23 10:43:46  [ main:72127 ] - [ INFO ]  选项0: 0.0
2017-07-23 10:43:46  [ main:72127 ] - [ INFO ]  选项1: 0.0
2017-07-23 10:43:46  [ main:72127 ] - [ INFO ]  选项2: 0.0
2017-07-23 10:43:46  [ main:72128 ] - [ INFO ]  选项3: 0.0
2017-07-23 10:43:46  [ main:72128 ] - [ DEBUG ]  文本对齐评分结束
2017-07-23 10:43:46  [ main:72128 ] - [ DEBUG ]  ***********************
2017-07-23 10:43:46  [ main:72129 ] - [ INFO ]  negative test: false
2017-07-23 10:43:46  [ main:72129 ] - [ INFO ]  term list size：36
2017-07-23 10:43:46  [ main:72130 ] - [ INFO ]  descQuery term size36
2017-07-23 10:43:46  [ main:72241 ] - [ INFO ]  descQuery term size4
2017-07-23 10:43:47  [ main:72268 ] - [ INFO ]  descQuery term size3
2017-07-23 10:43:47  [ main:72300 ] - [ INFO ]  descQuery term size3
2017-07-23 10:43:47  [ main:72324 ] - [ INFO ]  descQuery term size2
2017-07-23 10:43:47  [ main:72349 ] - [ DEBUG ]  ***********************
2017-07-23 10:43:47  [ main:72349 ] - [ DEBUG ]  词频评分开始
2017-07-23 10:43:47  [ main:72788 ] - [ DEBUG ]  词频分析结束
2017-07-23 10:43:47  [ main:72788 ] - [ DEBUG ]  ***********************
2017-07-23 10:43:47  [ main:72788 ] - [ DEBUG ]  ***************
2017-07-23 10:43:47  [ main:72788 ] - [ DEBUG ]  文本对齐评分
2017-07-23 10:43:48  [ main:73569 ] - [ INFO ]  选项0: 0.0
2017-07-23 10:43:48  [ main:73586 ] - [ INFO ]  选项1: 0.0
2017-07-23 10:43:48  [ main:73586 ] - [ INFO ]  选项2: 0.0
2017-07-23 10:43:48  [ main:73586 ] - [ INFO ]  选项3: 0.0
2017-07-23 10:43:48  [ main:73586 ] - [ DEBUG ]  文本对齐评分结束
2017-07-23 10:43:48  [ main:73586 ] - [ DEBUG ]  ***********************
2017-07-23 10:43:48  [ main:73587 ] - [ INFO ]  negative test: false
2017-07-23 10:43:48  [ main:73587 ] - [ INFO ]  term list size：14
2017-07-23 10:43:48  [ main:73587 ] - [ INFO ]  descQuery term size14
2017-07-23 10:43:48  [ main:73633 ] - [ INFO ]  descQuery term size3
2017-07-23 10:43:48  [ main:73648 ] - [ INFO ]  descQuery term size1
2017-07-23 10:43:48  [ main:73661 ] - [ INFO ]  descQuery term size3
2017-07-23 10:43:48  [ main:73676 ] - [ INFO ]  descQuery term size2
2017-07-23 10:43:48  [ main:73695 ] - [ DEBUG ]  ***********************
2017-07-23 10:43:48  [ main:73695 ] - [ DEBUG ]  词频评分开始
2017-07-23 10:43:48  [ main:74105 ] - [ DEBUG ]  词频分析结束
2017-07-23 10:43:48  [ main:74106 ] - [ DEBUG ]  ***********************
2017-07-23 10:43:48  [ main:74106 ] - [ DEBUG ]  ***************
2017-07-23 10:43:48  [ main:74106 ] - [ DEBUG ]  文本对齐评分
2017-07-23 10:43:49  [ main:74267 ] - [ INFO ]  选项0: 0.0
2017-07-23 10:43:49  [ main:74267 ] - [ INFO ]  选项1: 0.0
2017-07-23 10:43:49  [ main:74267 ] - [ INFO ]  选项2: 0.0
2017-07-23 10:43:49  [ main:74268 ] - [ INFO ]  选项3: 0.0
2017-07-23 10:43:49  [ main:74268 ] - [ DEBUG ]  文本对齐评分结束
2017-07-23 10:43:49  [ main:74268 ] - [ DEBUG ]  ***********************
2017-07-23 10:43:49  [ main:74268 ] - [ INFO ]  negative test: false
2017-07-23 10:43:49  [ main:74270 ] - [ INFO ]  term list size：24
2017-07-23 10:43:49  [ main:74270 ] - [ INFO ]  descQuery term size24
2017-07-23 10:43:49  [ main:74325 ] - [ INFO ]  descQuery term size13
2017-07-23 10:43:49  [ main:74362 ] - [ INFO ]  descQuery term size15
2017-07-23 10:43:49  [ main:74386 ] - [ INFO ]  descQuery term size14
2017-07-23 10:43:49  [ main:74419 ] - [ INFO ]  descQuery term size12
2017-07-23 10:43:49  [ main:74450 ] - [ DEBUG ]  ***********************
2017-07-23 10:43:49  [ main:74450 ] - [ DEBUG ]  词频评分开始
2017-07-23 10:43:49  [ main:74773 ] - [ DEBUG ]  词频分析结束
2017-07-23 10:43:49  [ main:74773 ] - [ DEBUG ]  ***********************
2017-07-23 10:43:49  [ main:74774 ] - [ DEBUG ]  ***************
2017-07-23 10:43:49  [ main:74774 ] - [ DEBUG ]  文本对齐评分
2017-07-23 10:43:49  [ main:75248 ] - [ INFO ]  选项0: 0.0
2017-07-23 10:43:49  [ main:75248 ] - [ INFO ]  选项1: 0.0
2017-07-23 10:43:49  [ main:75248 ] - [ INFO ]  选项2: 0.0
2017-07-23 10:43:49  [ main:75248 ] - [ INFO ]  选项3: 0.0
2017-07-23 10:43:49  [ main:75248 ] - [ DEBUG ]  文本对齐评分结束
2017-07-23 10:43:49  [ main:75248 ] - [ DEBUG ]  ***********************
2017-07-23 10:43:49  [ main:75249 ] - [ INFO ]  negative test: false
2017-07-23 10:43:49  [ main:75249 ] - [ INFO ]  term list size：7
2017-07-23 10:43:49  [ main:75249 ] - [ INFO ]  descQuery term size7
2017-07-23 10:43:50  [ main:75274 ] - [ INFO ]  descQuery term size3
2017-07-23 10:43:50  [ main:75288 ] - [ INFO ]  descQuery term size2
2017-07-23 10:43:50  [ main:75300 ] - [ INFO ]  descQuery term size2
2017-07-23 10:43:50  [ main:75320 ] - [ INFO ]  descQuery term size2
2017-07-23 10:43:50  [ main:75326 ] - [ DEBUG ]  ***********************
2017-07-23 10:43:50  [ main:75327 ] - [ DEBUG ]  词频评分开始
2017-07-23 10:43:50  [ main:75598 ] - [ DEBUG ]  词频分析结束
2017-07-23 10:43:50  [ main:75598 ] - [ DEBUG ]  ***********************
2017-07-23 10:43:50  [ main:75598 ] - [ DEBUG ]  ***************
2017-07-23 10:43:50  [ main:75598 ] - [ DEBUG ]  文本对齐评分
2017-07-23 10:43:50  [ main:75656 ] - [ INFO ]  选项0: 0.0
2017-07-23 10:43:50  [ main:75656 ] - [ INFO ]  选项1: 0.0
2017-07-23 10:43:50  [ main:75656 ] - [ INFO ]  选项2: 0.0
2017-07-23 10:43:50  [ main:75657 ] - [ INFO ]  选项3: 0.0
2017-07-23 10:43:50  [ main:75657 ] - [ DEBUG ]  文本对齐评分结束
2017-07-23 10:43:50  [ main:75657 ] - [ DEBUG ]  ***********************
2017-07-23 10:43:50  [ main:75657 ] - [ INFO ]  negative test: false
2017-07-23 10:43:50  [ main:75657 ] - [ INFO ]  term list size：16
2017-07-23 10:43:50  [ main:75657 ] - [ INFO ]  descQuery term size16
2017-07-23 10:43:50  [ main:75688 ] - [ INFO ]  descQuery term size8
2017-07-23 10:43:50  [ main:75699 ] - [ INFO ]  descQuery term size8
2017-07-23 10:43:50  [ main:75715 ] - [ INFO ]  descQuery term size8
2017-07-23 10:43:50  [ main:75730 ] - [ INFO ]  descQuery term size8
2017-07-23 10:43:50  [ main:75743 ] - [ DEBUG ]  ***********************
2017-07-23 10:43:50  [ main:75743 ] - [ DEBUG ]  词频评分开始
2017-07-23 10:43:50  [ main:76076 ] - [ DEBUG ]  词频分析结束
2017-07-23 10:43:50  [ main:76076 ] - [ DEBUG ]  ***********************
2017-07-23 10:43:50  [ main:76076 ] - [ DEBUG ]  ***************
2017-07-23 10:43:50  [ main:76077 ] - [ DEBUG ]  文本对齐评分
2017-07-23 10:43:51  [ main:76274 ] - [ INFO ]  选项0: 0.0
2017-07-23 10:43:51  [ main:76274 ] - [ INFO ]  选项1: 0.0
2017-07-23 10:43:51  [ main:76274 ] - [ INFO ]  选项2: 0.0
2017-07-23 10:43:51  [ main:76274 ] - [ INFO ]  选项3: 0.0
2017-07-23 10:43:51  [ main:76274 ] - [ DEBUG ]  文本对齐评分结束
2017-07-23 10:43:51  [ main:76274 ] - [ DEBUG ]  ***********************
2017-07-23 10:43:51  [ main:76274 ] - [ INFO ]  negative test: false
2017-07-23 10:43:51  [ main:76274 ] - [ INFO ]  term list size：9
2017-07-23 10:43:51  [ main:76275 ] - [ INFO ]  descQuery term size9
2017-07-23 10:43:51  [ main:76306 ] - [ INFO ]  descQuery term size16
2017-07-23 10:43:51  [ main:76356 ] - [ INFO ]  descQuery term size20
2017-07-23 10:43:51  [ main:76391 ] - [ INFO ]  descQuery term size26
2017-07-23 10:43:51  [ main:76426 ] - [ INFO ]  descQuery term size9
2017-07-23 10:43:51  [ main:76450 ] - [ DEBUG ]  ***********************
2017-07-23 10:43:51  [ main:76450 ] - [ DEBUG ]  词频评分开始
2017-07-23 10:43:51  [ main:76709 ] - [ DEBUG ]  词频分析结束
2017-07-23 10:43:51  [ main:76709 ] - [ DEBUG ]  ***********************
2017-07-23 10:43:51  [ main:76709 ] - [ DEBUG ]  ***************
2017-07-23 10:43:51  [ main:76709 ] - [ DEBUG ]  文本对齐评分
2017-07-23 10:43:51  [ main:76810 ] - [ INFO ]  选项0: 0.0
2017-07-23 10:43:51  [ main:76811 ] - [ INFO ]  选项1: 0.0
2017-07-23 10:43:51  [ main:76811 ] - [ INFO ]  选项2: 0.0
2017-07-23 10:43:51  [ main:76811 ] - [ INFO ]  选项3: 0.0
2017-07-23 10:43:51  [ main:76811 ] - [ DEBUG ]  文本对齐评分结束
2017-07-23 10:43:51  [ main:76811 ] - [ DEBUG ]  ***********************
2017-07-23 10:43:51  [ main:76811 ] - [ INFO ]  negative test: true
2017-07-23 10:43:51  [ main:76812 ] - [ INFO ]  term list size：31
2017-07-23 10:43:51  [ main:76812 ] - [ INFO ]  descQuery term size31
2017-07-23 10:43:51  [ main:76848 ] - [ INFO ]  descQuery term size5
2017-07-23 10:43:51  [ main:76865 ] - [ INFO ]  descQuery term size5
2017-07-23 10:43:51  [ main:76881 ] - [ INFO ]  descQuery term size5
2017-07-23 10:43:51  [ main:76901 ] - [ INFO ]  descQuery term size6
2017-07-23 10:43:51  [ main:76974 ] - [ DEBUG ]  ***********************
2017-07-23 10:43:51  [ main:76975 ] - [ DEBUG ]  词频评分开始
2017-07-23 10:43:52  [ main:77368 ] - [ DEBUG ]  词频分析结束
2017-07-23 10:43:52  [ main:77368 ] - [ DEBUG ]  ***********************
2017-07-23 10:43:52  [ main:77368 ] - [ DEBUG ]  ***************
2017-07-23 10:43:52  [ main:77368 ] - [ DEBUG ]  文本对齐评分
2017-07-23 10:43:52  [ main:77902 ] - [ INFO ]  选项0: 0.0
2017-07-23 10:43:52  [ main:77902 ] - [ INFO ]  选项1: 0.0
2017-07-23 10:43:52  [ main:77902 ] - [ INFO ]  选项2: 0.0
2017-07-23 10:43:52  [ main:77902 ] - [ INFO ]  选项3: 0.0
2017-07-23 10:43:52  [ main:77903 ] - [ DEBUG ]  文本对齐评分结束
2017-07-23 10:43:52  [ main:77903 ] - [ DEBUG ]  ***********************
2017-07-23 10:43:52  [ main:77903 ] - [ INFO ]  negative test: false
2017-07-23 10:43:52  [ main:77903 ] - [ INFO ]  term list size：22
2017-07-23 10:43:52  [ main:77903 ] - [ INFO ]  descQuery term size22
2017-07-23 10:43:52  [ main:77929 ] - [ INFO ]  descQuery term size4
2017-07-23 10:43:52  [ main:77942 ] - [ INFO ]  descQuery term size1
2017-07-23 10:43:52  [ main:77961 ] - [ INFO ]  descQuery term size1
2017-07-23 10:43:52  [ main:77983 ] - [ INFO ]  descQuery term size2
2017-07-23 10:43:52  [ main:77995 ] - [ DEBUG ]  ***********************
2017-07-23 10:43:52  [ main:77995 ] - [ DEBUG ]  词频评分开始
2017-07-23 10:43:53  [ main:78446 ] - [ DEBUG ]  词频分析结束
2017-07-23 10:43:53  [ main:78446 ] - [ DEBUG ]  ***********************
2017-07-23 10:43:53  [ main:78446 ] - [ DEBUG ]  ***************
2017-07-23 10:43:53  [ main:78446 ] - [ DEBUG ]  文本对齐评分
2017-07-23 10:43:53  [ main:78887 ] - [ INFO ]  选项0: 0.0
2017-07-23 10:43:53  [ main:78888 ] - [ INFO ]  选项1: 0.0
2017-07-23 10:43:53  [ main:78888 ] - [ INFO ]  选项2: 0.0
2017-07-23 10:43:53  [ main:78888 ] - [ INFO ]  选项3: 0.0
2017-07-23 10:43:53  [ main:78888 ] - [ DEBUG ]  文本对齐评分结束
2017-07-23 10:43:53  [ main:78888 ] - [ DEBUG ]  ***********************
2017-07-23 10:43:53  [ main:78888 ] - [ INFO ]  negative test: false
2017-07-23 10:43:53  [ main:78888 ] - [ INFO ]  term list size：7
2017-07-23 10:43:53  [ main:78889 ] - [ INFO ]  descQuery term size7
2017-07-23 10:43:53  [ main:78917 ] - [ INFO ]  descQuery term size10
2017-07-23 10:43:53  [ main:78925 ] - [ INFO ]  descQuery term size9
2017-07-23 10:43:53  [ main:78932 ] - [ INFO ]  descQuery term size9
2017-07-23 10:43:53  [ main:78940 ] - [ INFO ]  descQuery term size10
2017-07-23 10:43:53  [ main:78948 ] - [ DEBUG ]  ***********************
2017-07-23 10:43:53  [ main:78948 ] - [ DEBUG ]  词频评分开始
2017-07-23 10:43:53  [ main:79151 ] - [ DEBUG ]  词频分析结束
2017-07-23 10:43:53  [ main:79152 ] - [ DEBUG ]  ***********************
2017-07-23 10:43:53  [ main:79152 ] - [ DEBUG ]  ***************
2017-07-23 10:43:53  [ main:79152 ] - [ DEBUG ]  文本对齐评分
2017-07-23 10:43:53  [ main:79218 ] - [ INFO ]  选项0: 0.0
2017-07-23 10:43:53  [ main:79218 ] - [ INFO ]  选项1: 0.0
2017-07-23 10:43:53  [ main:79218 ] - [ INFO ]  选项2: 0.0
2017-07-23 10:43:53  [ main:79219 ] - [ INFO ]  选项3: 0.0
2017-07-23 10:43:53  [ main:79219 ] - [ DEBUG ]  文本对齐评分结束
2017-07-23 10:43:53  [ main:79219 ] - [ DEBUG ]  ***********************
2017-07-23 10:43:53  [ main:79219 ] - [ INFO ]  negative test: false
2017-07-23 10:43:53  [ main:79219 ] - [ INFO ]  term list size：6
2017-07-23 10:43:53  [ main:79220 ] - [ INFO ]  descQuery term size6
2017-07-23 10:43:53  [ main:79237 ] - [ INFO ]  descQuery term size5
2017-07-23 10:43:53  [ main:79253 ] - [ INFO ]  descQuery term size5
2017-07-23 10:43:54  [ main:79267 ] - [ INFO ]  descQuery term size4
2017-07-23 10:43:54  [ main:79279 ] - [ INFO ]  descQuery term size4
2017-07-23 10:43:54  [ main:79298 ] - [ DEBUG ]  ***********************
2017-07-23 10:43:54  [ main:79298 ] - [ DEBUG ]  词频评分开始
2017-07-23 10:43:54  [ main:79443 ] - [ DEBUG ]  词频分析结束
2017-07-23 10:43:54  [ main:79443 ] - [ DEBUG ]  ***********************
2017-07-23 10:43:54  [ main:79444 ] - [ DEBUG ]  ***************
2017-07-23 10:43:54  [ main:79444 ] - [ DEBUG ]  文本对齐评分
2017-07-23 10:43:54  [ main:79478 ] - [ INFO ]  选项0: 0.0
2017-07-23 10:43:54  [ main:79479 ] - [ INFO ]  选项1: 0.0
2017-07-23 10:43:54  [ main:79479 ] - [ INFO ]  选项2: 0.0
2017-07-23 10:43:54  [ main:79479 ] - [ INFO ]  选项3: 0.0
2017-07-23 10:43:54  [ main:79479 ] - [ DEBUG ]  文本对齐评分结束
2017-07-23 10:43:54  [ main:79479 ] - [ DEBUG ]  ***********************
2017-07-23 10:43:54  [ main:79479 ] - [ INFO ]  negative test: false
2017-07-23 10:43:54  [ main:79480 ] - [ INFO ]  term list size：15
2017-07-23 10:43:54  [ main:79480 ] - [ INFO ]  descQuery term size15
2017-07-23 10:43:54  [ main:79506 ] - [ INFO ]  descQuery term size8
2017-07-23 10:43:54  [ main:79522 ] - [ INFO ]  descQuery term size7
2017-07-23 10:43:54  [ main:79544 ] - [ INFO ]  descQuery term size5
2017-07-23 10:43:54  [ main:79550 ] - [ INFO ]  descQuery term size5
2017-07-23 10:43:54  [ main:79562 ] - [ DEBUG ]  ***********************
2017-07-23 10:43:54  [ main:79563 ] - [ DEBUG ]  词频评分开始
2017-07-23 10:43:54  [ main:79801 ] - [ DEBUG ]  词频分析结束
2017-07-23 10:43:54  [ main:79802 ] - [ DEBUG ]  ***********************
2017-07-23 10:43:54  [ main:79802 ] - [ DEBUG ]  ***************
2017-07-23 10:43:54  [ main:79802 ] - [ DEBUG ]  文本对齐评分
2017-07-23 10:43:54  [ main:79958 ] - [ INFO ]  选项0: 0.0
2017-07-23 10:43:54  [ main:79958 ] - [ INFO ]  选项1: 0.0
2017-07-23 10:43:54  [ main:79958 ] - [ INFO ]  选项2: 0.0
2017-07-23 10:43:54  [ main:79958 ] - [ INFO ]  选项3: 0.0
2017-07-23 10:43:54  [ main:79958 ] - [ DEBUG ]  文本对齐评分结束
2017-07-23 10:43:54  [ main:79958 ] - [ DEBUG ]  ***********************
2017-07-23 10:43:54  [ main:79958 ] - [ INFO ]  negative test: false
2017-07-23 10:43:54  [ main:79959 ] - [ INFO ]  term list size：12
2017-07-23 10:43:54  [ main:79959 ] - [ INFO ]  descQuery term size12
2017-07-23 10:43:54  [ main:79975 ] - [ INFO ]  descQuery term size1
2017-07-23 10:43:54  [ main:79977 ] - [ INFO ]  descQuery term size1
2017-07-23 10:43:54  [ main:79980 ] - [ INFO ]  descQuery term size1
2017-07-23 10:43:54  [ main:79983 ] - [ INFO ]  descQuery term size3
2017-07-23 10:43:54  [ main:79990 ] - [ DEBUG ]  ***********************
2017-07-23 10:43:54  [ main:79991 ] - [ DEBUG ]  词频评分开始
2017-07-23 10:43:55  [ main:80320 ] - [ DEBUG ]  词频分析结束
2017-07-23 10:43:55  [ main:80320 ] - [ DEBUG ]  ***********************
2017-07-23 10:43:55  [ main:80321 ] - [ DEBUG ]  ***************
2017-07-23 10:43:55  [ main:80321 ] - [ DEBUG ]  文本对齐评分
2017-07-23 10:43:55  [ main:80414 ] - [ INFO ]  选项0: 0.0
2017-07-23 10:43:55  [ main:80414 ] - [ INFO ]  选项1: 0.0
2017-07-23 10:43:55  [ main:80414 ] - [ INFO ]  选项2: 0.0
2017-07-23 10:43:55  [ main:80414 ] - [ INFO ]  选项3: 0.0
2017-07-23 10:43:55  [ main:80414 ] - [ DEBUG ]  文本对齐评分结束
2017-07-23 10:43:55  [ main:80415 ] - [ DEBUG ]  ***********************
2017-07-23 10:43:55  [ main:80415 ] - [ INFO ]  negative test: false
2017-07-23 10:43:55  [ main:80415 ] - [ INFO ]  term list size：11
2017-07-23 10:43:55  [ main:80415 ] - [ INFO ]  descQuery term size11
2017-07-23 10:43:55  [ main:80433 ] - [ INFO ]  descQuery term size4
2017-07-23 10:43:55  [ main:80453 ] - [ INFO ]  descQuery term size3
2017-07-23 10:43:55  [ main:80464 ] - [ INFO ]  descQuery term size4
2017-07-23 10:43:55  [ main:80475 ] - [ INFO ]  descQuery term size3
2017-07-23 10:43:55  [ main:80484 ] - [ DEBUG ]  ***********************
2017-07-23 10:43:55  [ main:80484 ] - [ DEBUG ]  词频评分开始
2017-07-23 10:43:55  [ main:80699 ] - [ DEBUG ]  词频分析结束
2017-07-23 10:43:55  [ main:80700 ] - [ DEBUG ]  ***********************
2017-07-23 10:43:55  [ main:80700 ] - [ DEBUG ]  ***************
2017-07-23 10:43:55  [ main:80700 ] - [ DEBUG ]  文本对齐评分
2017-07-23 10:43:55  [ main:80780 ] - [ INFO ]  选项0: 0.0
2017-07-23 10:43:55  [ main:80781 ] - [ INFO ]  选项1: 0.0
2017-07-23 10:43:55  [ main:80781 ] - [ INFO ]  选项2: 0.0
2017-07-23 10:43:55  [ main:80781 ] - [ INFO ]  选项3: 0.0
2017-07-23 10:43:55  [ main:80781 ] - [ DEBUG ]  文本对齐评分结束
2017-07-23 10:43:55  [ main:80781 ] - [ DEBUG ]  ***********************
2017-07-23 10:43:55  [ main:80781 ] - [ INFO ]  negative test: true
2017-07-23 10:43:55  [ main:80781 ] - [ INFO ]  term list size：34
2017-07-23 10:43:55  [ main:80781 ] - [ INFO ]  descQuery term size34
2017-07-23 10:43:55  [ main:80803 ] - [ INFO ]  descQuery term size13
2017-07-23 10:43:55  [ main:80807 ] - [ INFO ]  descQuery term size13
2017-07-23 10:43:55  [ main:80810 ] - [ INFO ]  descQuery term size13
2017-07-23 10:43:55  [ main:80812 ] - [ INFO ]  descQuery term size12
2017-07-23 10:43:55  [ main:80815 ] - [ DEBUG ]  ***********************
2017-07-23 10:43:55  [ main:80815 ] - [ DEBUG ]  词频评分开始
2017-07-23 10:43:55  [ main:81085 ] - [ DEBUG ]  词频分析结束
2017-07-23 10:43:55  [ main:81085 ] - [ DEBUG ]  ***********************
2017-07-23 10:43:55  [ main:81085 ] - [ DEBUG ]  ***************
2017-07-23 10:43:55  [ main:81085 ] - [ DEBUG ]  文本对齐评分
2017-07-23 10:43:56  [ main:81623 ] - [ INFO ]  选项0: 0.0
2017-07-23 10:43:56  [ main:81623 ] - [ INFO ]  选项1: 0.0
2017-07-23 10:43:56  [ main:81624 ] - [ INFO ]  选项2: 0.0
2017-07-23 10:43:56  [ main:81624 ] - [ INFO ]  选项3: 0.0
2017-07-23 10:43:56  [ main:81624 ] - [ DEBUG ]  文本对齐评分结束
2017-07-23 10:43:56  [ main:81624 ] - [ DEBUG ]  ***********************
2017-07-23 10:43:56  [ main:81624 ] - [ INFO ]  negative test: false
2017-07-23 10:43:56  [ main:81624 ] - [ INFO ]  term list size：7
2017-07-23 10:43:56  [ main:81624 ] - [ INFO ]  descQuery term size7
2017-07-23 10:43:56  [ main:81636 ] - [ INFO ]  descQuery term size2
2017-07-23 10:43:56  [ main:81644 ] - [ INFO ]  descQuery term size1
2017-07-23 10:43:56  [ main:81646 ] - [ INFO ]  descQuery term size2
2017-07-23 10:43:56  [ main:81654 ] - [ INFO ]  descQuery term size3
2017-07-23 10:43:56  [ main:81661 ] - [ DEBUG ]  ***********************
2017-07-23 10:43:56  [ main:81661 ] - [ DEBUG ]  词频评分开始
2017-07-23 10:43:56  [ main:81789 ] - [ DEBUG ]  词频分析结束
2017-07-23 10:43:56  [ main:81789 ] - [ DEBUG ]  ***********************
2017-07-23 10:43:56  [ main:81789 ] - [ DEBUG ]  ***************
2017-07-23 10:43:56  [ main:81789 ] - [ DEBUG ]  文本对齐评分
2017-07-23 10:43:56  [ main:81822 ] - [ INFO ]  选项0: 0.0
2017-07-23 10:43:56  [ main:81822 ] - [ INFO ]  选项1: 0.0
2017-07-23 10:43:56  [ main:81822 ] - [ INFO ]  选项2: 0.0
2017-07-23 10:43:56  [ main:81822 ] - [ INFO ]  选项3: 0.0
2017-07-23 10:43:56  [ main:81822 ] - [ DEBUG ]  文本对齐评分结束
2017-07-23 10:43:56  [ main:81822 ] - [ DEBUG ]  ***********************
2017-07-23 10:43:56  [ main:81822 ] - [ INFO ]  negative test: true
2017-07-23 10:43:56  [ main:81822 ] - [ INFO ]  可以回答的问题有：
2017-07-23 10:43:56  [ main:81822 ] - [ INFO ]  系统准确率：
